Build started 2013-11-28 21:01:26.
     1>Project "E:\Moje programy\C++\SDIZO i PEA\RPQ\RPQ\RPQ.vcxproj" on node 2 (build target(s)).
     1>InitializeBuildStatus:
         Creating "Debug\RPQ.unsuccessfulbuild" because "AlwaysCreate" was specified.
       ClCompile:
         E:\programy\Microsoft Visual Studio 10.0\VC\bin\CL.exe /c /ZI /nologo /W3 /WX- /Od /Oy- /D WIN32 /D _DEBUG /D _CONSOLE /D _UNICODE /D UNICODE /Gm /EHsc /RTC1 /MDd /GS /fp:precise /Zc:wchar_t /Zc:forScope /Yc"StdAfx.h" /Fp"Debug\RPQ.pch" /Fo"Debug\\" /Fd"Debug\vc100.pdb" /Gd /TP /analyze- /errorReport:prompt stdafx.cpp
         stdafx.cpp
         E:\programy\Microsoft Visual Studio 10.0\VC\bin\CL.exe /c /ZI /nologo /W3 /WX- /Od /Oy- /D WIN32 /D _DEBUG /D _CONSOLE /D _UNICODE /D UNICODE /Gm /EHsc /RTC1 /MDd /GS /fp:precise /Zc:wchar_t /Zc:forScope /Yu"StdAfx.h" /Fp"Debug\RPQ.pch" /Fo"Debug\\" /Fd"Debug\vc100.pdb" /Gd /TP /analyze- /errorReport:prompt RPQ.cpp
         RPQ.cpp
     1>e:\moje programy\c++\sdizo i pea\rpq\rpq\rpq.cpp(25): warning C4244: 'argument' : conversion from 'time_t' to 'unsigned int', possible loss of data
     1>e:\moje programy\c++\sdizo i pea\rpq\rpq\rpq.cpp(86): warning C4244: '=' : conversion from 'int' to 'float', possible loss of data
     1>e:\moje programy\c++\sdizo i pea\rpq\rpq\rpq.cpp(117): warning C4244: '=' : conversion from 'int' to 'float', possible loss of data
     1>e:\moje programy\c++\sdizo i pea\rpq\rpq\rpq.cpp(34): warning C4101: 'starez' : unreferenced local variable
       ManifestResourceCompile:
         C:\Program Files (x86)\Microsoft SDKs\Windows\v7.0A\bin\rc.exe /nologo /fo"Debug\RPQ.exe.embed.manifest.res" Debug\RPQ_manifest.rc 
       Link:
         E:\programy\Microsoft Visual Studio 10.0\VC\bin\link.exe /ERRORREPORT:PROMPT /OUT:"E:\Moje programy\C++\SDIZO i PEA\RPQ\Debug\RPQ.exe" /INCREMENTAL /NOLOGO kernel32.lib user32.lib gdi32.lib winspool.lib comdlg32.lib advapi32.lib shell32.lib ole32.lib oleaut32.lib uuid.lib odbc32.lib odbccp32.lib /MANIFEST /ManifestFile:"Debug\RPQ.exe.intermediate.manifest" /MANIFESTUAC:"level='asInvoker' uiAccess='false'" /DEBUG /PDB:"E:\Moje programy\C++\SDIZO i PEA\RPQ\Debug\RPQ.pdb" /SUBSYSTEM:CONSOLE /TLBID:1 /DYNAMICBASE /NXCOMPAT /IMPLIB:"E:\Moje programy\C++\SDIZO i PEA\RPQ\Debug\RPQ.lib" /MACHINE:X86 Debug\RPQ.exe.embed.manifest.res
         Debug\RPQ.obj
         Debug\stdafx.obj
         LINK : program database E:\Moje programy\C++\RPQ\Debug\RPQ.pdb missing; performing full link
     1>LINK : fatal error LNK1201: error writing to program database 'E:\Moje programy\C++\RPQ\Debug\RPQ.pdb'; check for insufficient disk space, invalid path, or insufficient privilege
     1>Done Building Project "E:\Moje programy\C++\SDIZO i PEA\RPQ\RPQ\RPQ.vcxproj" (build target(s)) -- FAILED.

Build FAILED.

Time Elapsed 00:00:01.95
